Building DAG of jobs...
Using shell: /usr/bin/bash
Provided remote nodes: 4
Job stats:
job                        count
-----------------------  -------
all                            1
dorado_basecall                1
dorado_basecall_summary        1
dorado_demultiplex             1
total                          4

Select jobs to execute...
Execute 1 jobs...

[Wed Oct 29 14:57:12 2025]
rule dorado_basecall:
    input: /scratch/kochsl99/ONT/data_amplicons2/pod5, models/dna_r10.4.1_e8.2_400bps_sup.ready
    output: results/dorado/basecalls.bam
    jobid: 1
    reason: Missing output files: results/dorado/basecalls.bam
    threads: 4
    resources: mem_mb=16000, mem_mib=15259, disk_mb=1000, disk_mib=954, tmpdir=<TBD>, slurm_account=agmonaghan, slurm_partition=begendiv, runtime=240, gpus=1, slurm_extra=--job-name=smk-{rule}-{jobid} --output=logs/slurm/%x-%j.out

WorkflowError:
SLURM job submission failed. The error message was sbatch: error: Please specify a QOS, e.g. '#SBATCH --qos=standard' (see 'sqos' for valid settings)
sbatch: error: Batch job submission failed: Invalid qos specification

