Building DAG of jobs...
Using shell: /usr/bin/bash
Provided remote nodes: 50
Job stats:
job                        count
-----------------------  -------
all                            1
dorado_basecall                1
dorado_basecall_summary        1
dorado_demultiplex             1
total                          4

Select jobs to execute...
Execute 1 jobs...

[Sun Oct 26 16:21:17 2025]
rule dorado_basecall:
    input: /scratch/kochsl99/ONT/data_amplicons2/pod5, models/dna_r10.4.1_e8.2_400bps_sup.ready
    output: results/dorado/basecalls.bam
    jobid: 1
    reason: Missing output files: results/dorado/basecalls.bam
    threads: 4
    resources: mem_mb=16000, mem_mib=15259, disk_mb=1000, disk_mib=954, tmpdir=<TBD>, time=04:00:00, gpus=1


        mkdir -p results/dorado
        dorado basecaller dna_r10.4.1_e8.2_400bps_sup --no-trim --emit-bam /scratch/kochsl99/ONT/data_amplicons2/pod5 > results/dorado/basecalls.bam
        
Terminating processes on user request, this might take some time.
