Building DAG of jobs...
Using shell: /usr/bin/bash
Provided remote nodes: 2
Job stats:
job                   count
------------------  -------
dorado_basecall           1
dorado_demultiplex        1
total                     2

Select jobs to execute...
Execute 1 jobs...

[Sat Nov  8 18:32:29 2025]
rule dorado_basecall:
    input: /scratch/kochsl99/ONT/data_amplicons2/pod5/FBD92602_d57d61d8_b35b091c_10.pod5, models/dna_r10.4.1_e8.2_400bps_sup.ready
    output: results/dorado/basecalls.bam
    jobid: 1
    reason: Missing output files: results/dorado/basecalls.bam
    threads: 4
    resources: mem_mb=16000, mem_mib=15259, disk_mb=1136, disk_mib=1084, tmpdir=<TBD>, slurm_account=agmonaghan, slurm_partition=standard, slurm_qos=standard, runtime=240, gpu=0, gpus=1


        mkdir -p results/dorado
        "/home/kochsl99/software/dorado/dorado-1.2.0-linux-x64/bin/dorado" basecaller dna_r10.4.1_e8.2_400bps_sup --no-trim --emit-bam /scratch/kochsl99/ONT/data_amplicons2/pod5/FBD92602_d57d61d8_b35b091c_10.pod5 > results/dorado/basecalls.bam
        
WorkflowError:
SLURM job submission failed. The error message was sbatch: error: Please specify a QOS, e.g. '#SBATCH --qos=standard' (see 'sqos' for valid settings)
sbatch: error: Batch job submission failed: Invalid qos specification

