Building DAG of jobs...
Using shell: /usr/bin/bash
Provided cores: 8
Rules claiming more threads will be scaled down.
Job stats:
job                        count
-----------------------  -------
dorado_basecall                1
dorado_basecall_summary        1
dorado_demultiplex             1
total                          3

Select jobs to execute...
Execute 1 jobs...

[Sun Nov  9 14:15:54 2025]
localrule dorado_basecall:
    input: /scratch/kochsl99/ONT/data_amplicons2/pod5/FBD92602_d57d61d8_b35b091c_10.pod5, models/dna_r10.4.1_e8.2_400bps_sup.ready
    output: test/results/dorado/basecalls.bam
    jobid: 0
    reason: Missing output files: test/results/dorado/basecalls.bam
    threads: 4
    resources: tmpdir=/tmp

[Sun Nov  9 14:15:59 2025]
Error in rule dorado_basecall:
    jobid: 0
    input: /scratch/kochsl99/ONT/data_amplicons2/pod5/FBD92602_d57d61d8_b35b091c_10.pod5, models/dna_r10.4.1_e8.2_400bps_sup.ready
    output: test/results/dorado/basecalls.bam
    shell:
        
        mkdir -p $(dirname test/results/dorado/basecalls.bam)
        "/home/kochsl99/software/dorado/dorado-1.2.0-linux-x64/bin/dorado" basecaller dna_r10.4.1_e8.2_400bps_sup --no-trim --emit-bam /scratch/kochsl99/ONT/data_amplicons2/pod5/FBD92602_d57d61d8_b35b091c_10.pod5 > test/results/dorado/basecalls.bam
        
        (one of the commands exited with non-zero exit code; note that snakemake uses bash strict mode!)

Removing output files of failed job dorado_basecall since they might be corrupted:
test/results/dorado/basecalls.bam
Shutting down, this might take some time.
Exiting because a job execution failed. Look above for error message
Complete log: .snakemake/log/2025-11-09T141554.228772.snakemake.log
WorkflowError:
At least one job did not complete successfully.
