Building DAG of jobs...
Using shell: /usr/bin/bash
Provided remote nodes: 50
Job stats:
job                        count
-----------------------  -------
all                            1
dorado_basecall                1
dorado_basecall_summary        1
dorado_demultiplex             1
dorado_model                   1
total                          5

Select jobs to execute...
Execute 1 jobs...

[Sun Oct 26 15:19:13 2025]
rule dorado_model:
    output: models/dna_r10.4.1_e8.2_400bps_sup.ready
    jobid: 2
    reason: Missing output files: models/dna_r10.4.1_e8.2_400bps_sup.ready
    resources: mem_mb=16000, mem_mib=15259, disk_mb=1000, disk_mib=954, tmpdir=<TBD>, time=04:00:00, gpus=0


        mkdir -p models
        dorado download --model dna_r10.4.1_e8.2_400bps_sup --directory models
        touch models/dna_r10.4.1_e8.2_400bps_sup.ready
        
Terminating processes on user request, this might take some time.
